{"C:\\dev\\Backend\\NodeJS\\programming-school\\src\\domain\\user-admin\\entity\\user-admin.ts": {"path":"C:\\dev\\Backend\\NodeJS\\programming-school\\src\\domain\\user-admin\\entity\\user-admin.ts","all":false,"statementMap":{"0":{"start":{"line":1,"column":0},"end":{"line":1,"column":32}},"1":{"start":{"line":2,"column":0},"end":{"line":2,"column":22}},"2":{"start":{"line":3,"column":0},"end":{"line":3,"column":24}},"3":{"start":{"line":4,"column":0},"end":{"line":4,"column":25}},"4":{"start":{"line":5,"column":0},"end":{"line":5,"column":36}},"5":{"start":{"line":6,"column":0},"end":{"line":6,"column":0}},"6":{"start":{"line":7,"column":0},"end":{"line":7,"column":56}},"7":{"start":{"line":8,"column":0},"end":{"line":8,"column":18}},"8":{"start":{"line":9,"column":0},"end":{"line":9,"column":22}},"9":{"start":{"line":10,"column":0},"end":{"line":10,"column":24}},"10":{"start":{"line":11,"column":0},"end":{"line":11,"column":0}},"11":{"start":{"line":12,"column":0},"end":{"line":12,"column":20}},"12":{"start":{"line":13,"column":0},"end":{"line":13,"column":3}},"13":{"start":{"line":14,"column":0},"end":{"line":14,"column":0}},"14":{"start":{"line":15,"column":0},"end":{"line":15,"column":27}},"15":{"start":{"line":16,"column":0},"end":{"line":16,"column":20}},"16":{"start":{"line":17,"column":0},"end":{"line":17,"column":3}},"17":{"start":{"line":18,"column":0},"end":{"line":18,"column":0}},"18":{"start":{"line":19,"column":0},"end":{"line":19,"column":29}},"19":{"start":{"line":20,"column":0},"end":{"line":20,"column":22}},"20":{"start":{"line":21,"column":0},"end":{"line":21,"column":3}},"21":{"start":{"line":22,"column":0},"end":{"line":22,"column":0}},"22":{"start":{"line":23,"column":0},"end":{"line":23,"column":35}},"23":{"start":{"line":24,"column":0},"end":{"line":24,"column":22}},"24":{"start":{"line":25,"column":0},"end":{"line":25,"column":20}},"25":{"start":{"line":26,"column":0},"end":{"line":26,"column":3}},"26":{"start":{"line":27,"column":0},"end":{"line":27,"column":0}},"27":{"start":{"line":28,"column":0},"end":{"line":28,"column":30}},"28":{"start":{"line":29,"column":0},"end":{"line":29,"column":23}},"29":{"start":{"line":30,"column":0},"end":{"line":30,"column":3}},"30":{"start":{"line":31,"column":0},"end":{"line":31,"column":0}},"31":{"start":{"line":32,"column":0},"end":{"line":32,"column":37}},"32":{"start":{"line":33,"column":0},"end":{"line":33,"column":24}},"33":{"start":{"line":34,"column":0},"end":{"line":34,"column":20}},"34":{"start":{"line":35,"column":0},"end":{"line":35,"column":3}},"35":{"start":{"line":36,"column":0},"end":{"line":36,"column":0}},"36":{"start":{"line":37,"column":0},"end":{"line":37,"column":37}},"37":{"start":{"line":38,"column":0},"end":{"line":38,"column":30}},"38":{"start":{"line":39,"column":0},"end":{"line":39,"column":3}},"39":{"start":{"line":40,"column":0},"end":{"line":40,"column":0}},"40":{"start":{"line":41,"column":0},"end":{"line":41,"column":42}},"41":{"start":{"line":42,"column":0},"end":{"line":42,"column":33}},"42":{"start":{"line":43,"column":0},"end":{"line":43,"column":3}},"43":{"start":{"line":44,"column":0},"end":{"line":44,"column":0}},"44":{"start":{"line":45,"column":0},"end":{"line":45,"column":21}},"45":{"start":{"line":46,"column":0},"end":{"line":46,"column":32}},"46":{"start":{"line":47,"column":0},"end":{"line":47,"column":40}},"47":{"start":{"line":48,"column":0},"end":{"line":48,"column":5}},"48":{"start":{"line":49,"column":0},"end":{"line":49,"column":34}},"49":{"start":{"line":50,"column":0},"end":{"line":50,"column":42}},"50":{"start":{"line":51,"column":0},"end":{"line":51,"column":5}},"51":{"start":{"line":52,"column":0},"end":{"line":52,"column":35}},"52":{"start":{"line":53,"column":0},"end":{"line":53,"column":43}},"53":{"start":{"line":54,"column":0},"end":{"line":54,"column":5}},"54":{"start":{"line":55,"column":0},"end":{"line":55,"column":3}},"55":{"start":{"line":56,"column":0},"end":{"line":56,"column":1}}},"s":{"0":1,"1":1,"2":1,"3":1,"4":1,"5":1,"6":1,"7":6,"8":6,"9":6,"10":6,"11":6,"12":6,"13":1,"14":1,"15":0,"16":0,"17":1,"18":1,"19":2,"20":2,"21":1,"22":1,"23":2,"24":2,"25":2,"26":1,"27":1,"28":2,"29":2,"30":1,"31":1,"32":0,"33":0,"34":0,"35":1,"36":1,"37":0,"38":0,"39":1,"40":1,"41":0,"42":0,"43":1,"44":1,"45":8,"46":1,"47":1,"48":8,"49":1,"50":1,"51":8,"52":1,"53":1,"54":8,"55":1},"branchMap":{"0":{"type":"branch","line":1,"loc":{"start":{"line":1,"column":21},"end":{"line":1,"column":32}},"locations":[{"start":{"line":1,"column":21},"end":{"line":1,"column":32}}]},"1":{"type":"branch","line":19,"loc":{"start":{"line":19,"column":2},"end":{"line":21,"column":3}},"locations":[{"start":{"line":19,"column":2},"end":{"line":21,"column":3}}]},"2":{"type":"branch","line":23,"loc":{"start":{"line":23,"column":9},"end":{"line":26,"column":3}},"locations":[{"start":{"line":23,"column":9},"end":{"line":26,"column":3}}]},"3":{"type":"branch","line":28,"loc":{"start":{"line":28,"column":2},"end":{"line":30,"column":3}},"locations":[{"start":{"line":28,"column":2},"end":{"line":30,"column":3}}]},"4":{"type":"branch","line":45,"loc":{"start":{"line":45,"column":9},"end":{"line":55,"column":3}},"locations":[{"start":{"line":45,"column":9},"end":{"line":55,"column":3}}]},"5":{"type":"branch","line":46,"loc":{"start":{"line":46,"column":31},"end":{"line":48,"column":5}},"locations":[{"start":{"line":46,"column":31},"end":{"line":48,"column":5}}]},"6":{"type":"branch","line":49,"loc":{"start":{"line":49,"column":-1},"end":{"line":49,"column":33}},"locations":[{"start":{"line":49,"column":-1},"end":{"line":49,"column":33}}]},"7":{"type":"branch","line":49,"loc":{"start":{"line":49,"column":33},"end":{"line":51,"column":5}},"locations":[{"start":{"line":49,"column":33},"end":{"line":51,"column":5}}]},"8":{"type":"branch","line":52,"loc":{"start":{"line":52,"column":-1},"end":{"line":52,"column":34}},"locations":[{"start":{"line":52,"column":-1},"end":{"line":52,"column":34}}]},"9":{"type":"branch","line":52,"loc":{"start":{"line":52,"column":34},"end":{"line":54,"column":5}},"locations":[{"start":{"line":52,"column":34},"end":{"line":54,"column":5}}]},"10":{"type":"branch","line":7,"loc":{"start":{"line":7,"column":2},"end":{"line":13,"column":3}},"locations":[{"start":{"line":7,"column":2},"end":{"line":13,"column":3}}]}},"b":{"0":[6],"1":[2],"2":[2],"3":[2],"4":[8],"5":[1],"6":[7],"7":[1],"8":[6],"9":[1],"10":[6]},"fnMap":{"0":{"name":"get","decl":{"start":{"line":1,"column":21},"end":{"line":1,"column":32}},"loc":{"start":{"line":1,"column":21},"end":{"line":1,"column":32}},"line":1},"1":{"name":"get id","decl":{"start":{"line":15,"column":2},"end":{"line":17,"column":3}},"loc":{"start":{"line":15,"column":2},"end":{"line":17,"column":3}},"line":15},"2":{"name":"get name","decl":{"start":{"line":19,"column":2},"end":{"line":21,"column":3}},"loc":{"start":{"line":19,"column":2},"end":{"line":21,"column":3}},"line":19},"3":{"name":"changeName","decl":{"start":{"line":23,"column":9},"end":{"line":26,"column":3}},"loc":{"start":{"line":23,"column":9},"end":{"line":26,"column":3}},"line":23},"4":{"name":"get email","decl":{"start":{"line":28,"column":2},"end":{"line":30,"column":3}},"loc":{"start":{"line":28,"column":2},"end":{"line":30,"column":3}},"line":28},"5":{"name":"changeEmail","decl":{"start":{"line":32,"column":9},"end":{"line":35,"column":3}},"loc":{"start":{"line":32,"column":9},"end":{"line":35,"column":3}},"line":32},"6":{"name":"get rewardPoints","decl":{"start":{"line":37,"column":2},"end":{"line":39,"column":3}},"loc":{"start":{"line":37,"column":2},"end":{"line":39,"column":3}},"line":37},"7":{"name":"addRewardPoints","decl":{"start":{"line":41,"column":9},"end":{"line":43,"column":3}},"loc":{"start":{"line":41,"column":9},"end":{"line":43,"column":3}},"line":41},"8":{"name":"validate","decl":{"start":{"line":45,"column":9},"end":{"line":55,"column":3}},"loc":{"start":{"line":45,"column":9},"end":{"line":55,"column":3}},"line":45},"9":{"name":"UserAdmin","decl":{"start":{"line":7,"column":2},"end":{"line":13,"column":3}},"loc":{"start":{"line":7,"column":2},"end":{"line":13,"column":3}},"line":7}},"f":{"0":6,"1":0,"2":2,"3":2,"4":2,"5":0,"6":0,"7":0,"8":8,"9":6}}
}
