TN:
SF:src\domain\user-admin\entity\user-admin.ts
FN:1,get
FN:15,get id
FN:19,get name
FN:23,changeName
FN:28,get email
FN:32,changeEmail
FN:37,get rewardPoints
FN:41,addRewardPoints
FN:45,validate
FN:7,UserAdmin
FNF:10
FNH:6
FNDA:6,get
FNDA:0,get id
FNDA:2,get name
FNDA:2,changeName
FNDA:2,get email
FNDA:0,changeEmail
FNDA:0,get rewardPoints
FNDA:0,addRewardPoints
FNDA:8,validate
FNDA:6,UserAdmin
DA:1,1
DA:2,1
DA:3,1
DA:4,1
DA:5,1
DA:6,1
DA:7,1
DA:8,6
DA:9,6
DA:10,6
DA:11,6
DA:12,6
DA:13,6
DA:14,1
DA:15,1
DA:16,0
DA:17,0
DA:18,1
DA:19,1
DA:20,2
DA:21,2
DA:22,1
DA:23,1
DA:24,2
DA:25,2
DA:26,2
DA:27,1
DA:28,1
DA:29,2
DA:30,2
DA:31,1
DA:32,1
DA:33,0
DA:34,0
DA:35,0
DA:36,1
DA:37,1
DA:38,0
DA:39,0
DA:40,1
DA:41,1
DA:42,0
DA:43,0
DA:44,1
DA:45,1
DA:46,8
DA:47,1
DA:48,1
DA:49,8
DA:50,1
DA:51,1
DA:52,8
DA:53,1
DA:54,1
DA:55,8
DA:56,1
LF:56
LH:47
BRDA:1,0,0,6
BRDA:19,1,0,2
BRDA:23,2,0,2
BRDA:28,3,0,2
BRDA:45,4,0,8
BRDA:46,5,0,1
BRDA:49,6,0,7
BRDA:49,7,0,1
BRDA:52,8,0,6
BRDA:52,9,0,1
BRDA:7,10,0,6
BRF:11
BRH:11
end_of_record
